Exporter version: 6.3.1, Blender version: 2.82 (sub 7)
========= Conversion from Blender to Babylon.js =========
	Scene settings used :
		Inline textures     :  false
		Material Type       :  PBR
		Positions Precision :  4
		Normals Precision   :  3
		UVs Precision       :  3
		Vert Color Precision:  3
		Mat Weight Precision:  2
		Keep Z-up r-handed  :  no
		Texture directory   :  C:\Users\Lukas\PhpstormProjects\CarSim\meshes\car\
	Python World class constructor completed
	WARNING: No active camera has been assigned, or is not in a currently selected Blender layer
	processing begun of mesh:  pneu_right
		processing begun of material:  Material.024
		processing begun of material:  Material.022
		processing begun of material:  Material.004
		processing begun of multimaterial:  dong_feng.Multimaterial#0
		Custom split normals with tangents being used
		num positions      :  66355
		num normals        :  66355
		num tangents       :  265420
		num uvs            :  132710
		num uvs2           :  0
		num colors         :  0
		num indices        :  304584
		WARNING: # of 0 area faces found:  221
	processing begun of mesh:  steering_wheel
		processing begun of material:  Material.001
		Custom split normals with tangents being used
		num positions      :  1095
		num normals        :  1095
		num tangents       :  4380
		num uvs            :  2190
		num uvs2           :  0
		num colors         :  0
		num indices        :  3075
	processing begun of mesh:  car
		processing begun of material:  Material.002
		processing begun of material:  Material.015
		processing begun of material:  Material.030
		processing begun of material:  Material.004
		processing begun of material:  Material.003
		processing begun of material:  Material
		processing begun of material:  Material.025
		processing begun of material:  Material.016
		processing begun of material:  Material.014
		processing begun of material:  Material.028
		processing begun of material:  Material.026
		processing begun of material:  Material.027
		processing begun of material:  Material.009
		processing begun of material:  Material.007
		processing begun of material:  Material.024
		processing begun of material:  Material.001
		processing begun of material:  Material.008
		processing begun of material:  Material.013
		processing begun of material:  Material.011
		processing begun of material:  Material.012
		processing begun of material:  Material.006
		registered as also a user of material:  Material.004
		registered as also a user of material:  Material.001
		processing begun of multimaterial:  dong_feng.Multimaterial#1
		Custom split normals with tangents being used
		num positions      :  150866
		num normals        :  150866
		num tangents       :  603464
		num uvs            :  301732
		num uvs2           :  0
		num colors         :  0
		num indices        :  424407
		WARNING: # of 0 area faces found:  186
	processing begun of mesh:  pneu_left
		processing begun of material:  Material.005
		processing begun of material:  Material.010
		processing begun of material:  Material.017
		processing begun of multimaterial:  dong_feng.Multimaterial#2
		Custom split normals with tangents being used
		num positions      :  66355
		num normals        :  66355
		num tangents       :  265420
		num uvs            :  132710
		num uvs2           :  0
		num colors         :  0
		num indices        :  304584
		WARNING: # of 0 area faces found:  221
========= Writing of JSON file started =========
	writing mesh:  pneu_right
	writing mesh:  steering_wheel
	writing mesh:  car
	writing mesh:  pneu_left
========= Writing of JSON file completed =========
========= end of processing =========
elapsed time:  0 min, 40.9114 secs
