Exporter version: 2.80.1, Blender version: 2.92.0
========= Conversion from Blender to Babylon.js =========
	Scene settings used :
		Inline textures     :  false
		Material Type       :  PBR
		Positions Precision :  4
		Normals Precision   :  3
		UVs Precision       :  3
		Vert Color Precision:  3
		Mat Weight Precision:  2
		Keep Z-up r-handed  :  no
		Texture directory   :  C:\Marek Programy\BP\BP PHPStorm\meshes\truck\
			WARNING: unsupported node type(ShaderNodeTexSky) will trigger baking
	Python World class constructor completed
	WARNING: No active camera has been assigned, or is not in a currently selected Blender layer
	processing begun of mesh:  Unimog1300L.003
		processing begun of material:  Kaca
			WARNING: unsupported node type(ShaderNodeBsdfGlass) will trigger baking
			bake time:  0 min, 0.0101 secs
		num positions      :  826
		num normals        :  826
		num tangents       :  0
		num uvs            :  1652
		num uvs2           :  0
		num colors         :  0
		num triangles      :  392
	processing begun of mesh:  Unimog1300L.Mirror_L
		processing begun of material:  Unimog1300L_C.004
			WARNING: unsupported node type(ShaderNodeBsdfGlass) will trigger baking
			bake time:  0 min, 0.013 secs
		num positions      :  8
		num normals        :  8
		num tangents       :  0
		num uvs            :  16
		num uvs2           :  0
		num colors         :  0
		num triangles      :  6
	processing begun of mesh:  Unimog1300L.Mirror
		processing begun of material:  Unimog1300L_C.003
			WARNING: unsupported node type(ShaderNodeBsdfGlass) will trigger baking
			bake time:  0 min, 0.01 secs
		num positions      :  8
		num normals        :  8
		num tangents       :  0
		num uvs            :  16
		num uvs2           :  0
		num colors         :  32
		num triangles      :  6
	processing begun of mesh:  Unimog1300L.001
		processing begun of material:  Plastico Negro.005
			processing texture Leather_006_NORM
				texture type:  bumpTexture, mapped using: "UVMap"
		num positions      :  39
		num normals        :  39
		num tangents       :  0
		num uvs            :  78
		num uvs2           :  0
		num colors         :  156
		num triangles      :  44
	processing begun of mesh:  body
		processing begun of material:  Unimog1300L_C.001
		processing begun of material:  Material.001
		processing begun of multimaterial:  unimog_new18.Multimaterial#0
		num positions      :  1086
		num normals        :  1086
		num tangents       :  0
		num uvs            :  2172
		num uvs2           :  0
		num colors         :  4344
		num triangles      :  1009
		WARNING: # of 0 area faces found:  16
	processing begun of mesh:  Plane
		processing begun of material:  mask
		num positions      :  4
		num normals        :  4
		num tangents       :  0
		num uvs            :  8
		num uvs2           :  0
		num colors         :  16
		num triangles      :  2
	processing begun of mesh:  disk
		processing begun of material:  disk
		num positions      :  2908
		num normals        :  2908
		num tangents       :  0
		num uvs            :  0
		num uvs2           :  0
		num colors         :  0
		num triangles      :  5724
	processing begun of mesh:  wheelFL
		processing begun of material:  rubber
			WARNING: unsupported node type(ShaderNodeAddShader) will trigger baking
			WARNING: unsupported node type(ShaderNodeBsdfTranslucent) will trigger baking
		processing begun of material:  disk
			WARNING: Roughness channel baking required, but not possible, ignored
			WARNING: Refraction channel baking required, but not possible, ignored
========= An error was encountered =========
  File "C:\Users\Jozef\AppData\Roaming\Blender Foundation\Blender\2.92\scripts\addons\babylon_js\json_exporter.py", line 115, in execute
    mesh = Mesh(object, scene, self)
  File "C:\Users\Jozef\AppData\Roaming\Blender Foundation\Blender\2.92\scripts\addons\babylon_js\mesh.py", line 146, in __init__
    recipe = BakingRecipe(bpyMesh, exporter)
  File "C:\Users\Jozef\AppData\Roaming\Blender Foundation\Blender\2.92\scripts\addons\babylon_js\materials\baking_recipe.py", line 105, in __init__
    self.bakedMaterial.bake(bpyMesh, self)
  File "C:\Users\Jozef\AppData\Roaming\Blender Foundation\Blender\2.92\scripts\addons\babylon_js\materials\material.py", line 139, in bake
    bpy.ops.uv.smart_project(angle_limit = 66.0, island_margin = 0.0, user_area_weight = 1.0, use_aspect = True, stretch_to_bounds = True)
  File "C:\Program Files\Blender Foundation\Blender 2.92\2.92\scripts\modules\bpy\ops.py", line 132, in __call__
    ret = _op_call(self.idname_py(), None, kw)
ERROR:  Converting py args to operator properties: : keyword "user_area_weight" unrecognized
========= end of processing =========
elapsed time:  0 min, 0.7269 secs
